[debug] [2024-07-24T18:02:48.560Z] ----------------------------------------------------------------------
[debug] [2024-07-24T18:02:48.563Z] Command:       C:\Program Files\nodejs\node.exe C:\Users\user\AppData\Roaming\npm\node_modules\firebase-tools\lib\bin\firebase.js init
[debug] [2024-07-24T18:02:48.563Z] CLI Version:   13.14.0
[debug] [2024-07-24T18:02:48.563Z] Platform:      win32
[debug] [2024-07-24T18:02:48.563Z] Node Version:  v20.16.0
[debug] [2024-07-24T18:02:48.564Z] Time:          Wed Jul 24 2024 20:02:48 GMT+0200 (Central European Summer Time)
[debug] [2024-07-24T18:02:48.564Z] ----------------------------------------------------------------------
[debug] 
[debug] [2024-07-24T18:02:48.622Z] > command requires scopes: ["email","openid","https://www.googleapis.com/auth/cloudplatformprojects.readonly","https://www.googleapis.com/auth/firebase","https://www.googleapis.com/auth/cloud-platform"]
[debug] [2024-07-24T18:02:48.623Z] > authorizing via signed-in user (matej.galic.ets@gmail.com)
[info] 
     ######## #### ########  ######## ########     ###     ######  ########
     ##        ##  ##     ## ##       ##     ##  ##   ##  ##       ##
     ######    ##  ########  ######   ########  #########  ######  ######
     ##        ##  ##    ##  ##       ##     ## ##     ##       ## ##
     ##       #### ##     ## ######## ########  ##     ##  ######  ########

You're about to initialize a Firebase project in this directory:

  D:\Algebra\Zavrsni_rad\react_web_ePUTNI\eputni-web-app

Before we get started, keep in mind:

  * You are initializing within an existing Firebase project directory

